<?xml version="1.0" encoding="UTF-8"?>
<testsuite name="com.example.cryptotracker.CoinControllerTest" tests="8" skipped="0" failures="0" errors="0" timestamp="2026-05-29T21:11:07" hostname="MURAT-CAN" time="0.042">
  <properties/>
  <testcase name="searchCoins_emptyQuery_returnsAll" classname="com.example.cryptotracker.CoinControllerTest" time="0.034"/>
  <testcase name="searchCoins_whitespaceQuery_returnsAll" classname="com.example.cryptotracker.CoinControllerTest" time="0.001"/>
  <testcase name="searchCoins_noMatch_returnsEmpty" classname="com.example.cryptotracker.CoinControllerTest" time="0.001"/>
  <testcase name="searchCoins_matchByName_caseSensitive" classname="com.example.cryptotracker.CoinControllerTest" time="0.0"/>
  <testcase name="searchCoins_partialMatch" classname="com.example.cryptotracker.CoinControllerTest" time="0.0"/>
  <testcase name="searchCoins_matchBySymbol" classname="com.example.cryptotracker.CoinControllerTest" time="0.002"/>
  <testcase name="searchCoins_nullQuery_returnsAll" classname="com.example.cryptotracker.CoinControllerTest" time="0.001"/>
  <testcase name="searchCoins_matchByName_caseInsensitive" classname="com.example.cryptotracker.CoinControllerTest" time="0.001"/>
  <system-out><![CDATA[]]></system-out>
  <system-err><![CDATA[]]></system-err>
</testsuite>
