<?xml version='1.0' encoding='UTF-8' ?>
<testsuite name="com.example.cryptotracker.MainActivityTest" tests="2" failures="0" errors="0" skipped="0" time="6.318" timestamp="2026-05-29T21:24:58" hostname="localhost">
  <properties>
    <property name="device" value="Pixel_6(AVD) - 17" />
    <property name="flavor" value="" />
    <property name="project" value=":app" />
  </properties>
  <testcase name="mainActivity_resumesCorrectly" classname="com.example.cryptotracker.MainActivityTest" time="3.614" />
  <testcase name="mainActivity_launches_successfully" classname="com.example.cryptotracker.MainActivityTest" time="1.789" />
</testsuite>